<?xml version="1.0" encoding="UTF-8"?>
<!-- Generated by org.testng.reporters.JUnitReportReporter -->
<testsuite hostname="ankurloktra-Inspiron-15-3567" failures="0" tests="1" name="BasePage.BaseClass" time="27.302" errors="0" timestamp="2019-11-19T11:56:29 IST" skipped="0">
  <testcase classname="BasePage.BaseClass" name="Browser" time="27.302"/>
</testsuite> <!-- BasePage.BaseClass -->
